# Logfile created on 2014-01-10 12:12:13 +0800 by logger.rb/31641
I, [2014-01-10T12:12:13.513681 #974]  INFO -- : 0:  rake (10.1.1) from /home/andy/.rvm/gems/ruby-1.9.3-p327-falcon@xrk_crm/specifications/rake-10.1.1.gemspec
I, [2014-01-10T12:12:13.525877 #974]  INFO -- : 0:  activemerchant_patch_for_china (0.2.0) from /home/andy/projects/activemerchant_patch_for_china/activemerchant_patch_for_china.gemspec
I, [2014-01-10T12:12:15.101237 #974]  INFO -- : 0:  activesupport (3.0.3) from /home/andy/.rvm/gems/ruby-1.9.3-p327-falcon@xrk_crm/specifications/activesupport-3.0.3.gemspec
I, [2014-01-10T12:12:21.161081 #974]  INFO -- : 0:  builder (2.1.2) from /home/andy/.rvm/gems/ruby-1.9.3-p327-falcon@xrk_crm/specifications/builder-2.1.2.gemspec
I, [2014-01-10T12:12:21.161550 #974]  INFO -- : 0:  i18n (0.6.9) from /home/andy/.rvm/gems/ruby-1.9.3-p327-falcon@xrk_crm/specifications/i18n-0.6.9.gemspec
I, [2014-01-10T12:12:31.547063 #974]  INFO -- : 0:  activemodel (3.0.3) from /home/andy/.rvm/gems/ruby-1.9.3-p327-falcon@xrk_crm/specifications/activemodel-3.0.3.gemspec
I, [2014-01-10T12:12:42.502045 #974]  INFO -- : 0:  activeresource (3.0.3) from /home/andy/.rvm/gems/ruby-1.9.3-p327-falcon@xrk_crm/specifications/activeresource-3.0.3.gemspec
I, [2014-01-10T12:12:43.307086 #974]  INFO -- : 0:  diff-lcs (1.1.3) from /home/andy/.rvm/gems/ruby-1.9.3-p327-falcon@xrk_crm/specifications/diff-lcs-1.1.3.gemspec
I, [2014-01-10T12:12:44.518682 #974]  INFO -- : 0:  rspec-core (2.6.4) from /home/andy/.rvm/gems/ruby-1.9.3-p327-falcon@xrk_crm/specifications/rspec-core-2.6.4.gemspec
I, [2014-01-10T12:12:45.524686 #974]  INFO -- : 0:  rspec-expectations (2.6.0) from /home/andy/.rvm/gems/ruby-1.9.3-p327-falcon@xrk_crm/specifications/rspec-expectations-2.6.0.gemspec
I, [2014-01-10T12:12:46.631857 #974]  INFO -- : 0:  rspec-mocks (2.6.0) from /home/andy/.rvm/gems/ruby-1.9.3-p327-falcon@xrk_crm/specifications/rspec-mocks-2.6.0.gemspec
I, [2014-01-10T12:12:47.601790 #974]  INFO -- : 0:  rspec (2.6.0) from /home/andy/.rvm/gems/ruby-1.9.3-p327-falcon@xrk_crm/specifications/rspec-2.6.0.gemspec
I, [2014-01-10T12:12:47.602280 #974]  INFO -- : 0:  bundler (1.5.1) from /home/andy/.rvm/gems/ruby-1.9.3-p327-falcon@xrk_crm/specifications/bundler-1.5.1.gemspec
I, [2014-01-10T13:29:05.346029 #1540]  INFO -- : 0:  rake (10.1.1) from /home/andy/.rvm/gems/ruby-1.9.3-p327-falcon@xrk_crm/specifications/rake-10.1.1.gemspec
I, [2014-01-10T13:29:05.359530 #1540]  INFO -- : 0:  activemerchant_patch_for_china (0.2.0) from /home/andy/projects/activemerchant_patch_for_china/activemerchant_patch_for_china.gemspec
I, [2014-01-10T13:29:05.359990 #1540]  INFO -- : 0:  activesupport (3.0.3) from /home/andy/.rvm/gems/ruby-1.9.3-p327-falcon@xrk_crm/specifications/activesupport-3.0.3.gemspec
I, [2014-01-10T13:29:05.360278 #1540]  INFO -- : 0:  builder (2.1.2) from /home/andy/.rvm/gems/ruby-1.9.3-p327-falcon@xrk_crm/specifications/builder-2.1.2.gemspec
I, [2014-01-10T13:29:05.360539 #1540]  INFO -- : 0:  i18n (0.6.9) from /home/andy/.rvm/gems/ruby-1.9.3-p327-falcon@xrk_crm/specifications/i18n-0.6.9.gemspec
I, [2014-01-10T13:29:05.360805 #1540]  INFO -- : 0:  activemodel (3.0.3) from /home/andy/.rvm/gems/ruby-1.9.3-p327-falcon@xrk_crm/specifications/activemodel-3.0.3.gemspec
I, [2014-01-10T13:29:05.361053 #1540]  INFO -- : 0:  activeresource (3.0.3) from /home/andy/.rvm/gems/ruby-1.9.3-p327-falcon@xrk_crm/specifications/activeresource-3.0.3.gemspec
I, [2014-01-10T13:29:05.361303 #1540]  INFO -- : 0:  diff-lcs (1.1.3) from /home/andy/.rvm/gems/ruby-1.9.3-p327-falcon@xrk_crm/specifications/diff-lcs-1.1.3.gemspec
I, [2014-01-10T13:29:05.361552 #1540]  INFO -- : 0:  rspec-core (2.6.4) from /home/andy/.rvm/gems/ruby-1.9.3-p327-falcon@xrk_crm/specifications/rspec-core-2.6.4.gemspec
I, [2014-01-10T13:29:05.361846 #1540]  INFO -- : 0:  rspec-expectations (2.6.0) from /home/andy/.rvm/gems/ruby-1.9.3-p327-falcon@xrk_crm/specifications/rspec-expectations-2.6.0.gemspec
I, [2014-01-10T13:29:05.362105 #1540]  INFO -- : 0:  rspec-mocks (2.6.0) from /home/andy/.rvm/gems/ruby-1.9.3-p327-falcon@xrk_crm/specifications/rspec-mocks-2.6.0.gemspec
I, [2014-01-10T13:29:05.362358 #1540]  INFO -- : 0:  rspec (2.6.0) from /home/andy/.rvm/gems/ruby-1.9.3-p327-falcon@xrk_crm/specifications/rspec-2.6.0.gemspec
I, [2014-01-10T13:29:05.362592 #1540]  INFO -- : 0:  bundler (1.5.1) from /home/andy/.rvm/gems/ruby-1.9.3-p327-falcon@xrk_crm/specifications/bundler-1.5.1.gemspec
